[10:10:54] [main/INFO] (FabricLoader/GameProvider) Loading Minecraft 1.19.2 with Fabric Loader 0.14.11
[10:10:55] [main/INFO] (FabricLoader) Loading 46 mods:
	- fabric-api 0.69.0+1.19.2
	- fabric-api-base 0.4.13+0d0f210290
	- fabric-api-lookup-api-v1 1.6.12+93d8cb8290
	- fabric-biome-api-v1 9.0.20+0d0f210290
	- fabric-block-api-v1 1.0.1+12bfe4ea90
	- fabric-blockrenderlayer-v1 1.1.22+c6af733c90
	- fabric-client-tags-api-v1 1.0.3+b35fea8390
	- fabric-command-api-v2 2.1.9+93d8cb8290
	- fabric-content-registries-v0 3.4.4+6064db2a90
	- fabric-convention-tags-v1 1.2.0+27265b3490
	- fabric-crash-report-info-v1 0.2.7+aeb40ebe90
	- fabric-data-generation-api-v1 5.3.3+ad31814d90
	- fabric-dimensions-v1 2.1.33+0d0f210290
	- fabric-entity-events-v1 1.5.2+9244241690
	- fabric-events-interaction-v0 0.4.31+6eb9a2a190
	- fabric-game-rule-api-v1 1.0.23+c6af733c90
	- fabric-gametest-api-v1 1.1.5+e4fecd8190
	- fabric-item-api-v1 1.6.1+fa140d5990
	- fabric-item-groups-v0 0.3.36+9244241690
	- fabric-key-binding-api-v1 1.0.23+aaaf9d3390
	- fabric-lifecycle-events-v1 2.2.2+9244241690
	- fabric-loot-api-v2 1.1.10+83a8659290
	- fabric-message-api-v1 5.0.5+93d8cb8290
	- fabric-mining-level-api-v1 2.1.21+33fbc73890
	- fabric-models-v0 0.3.19+c6af733c90
	- fabric-networking-api-v1 1.2.8+3b1d070f90
	- fabric-object-builder-api-v1 4.1.3+06e0e25190
	- fabric-particles-v1 1.0.12+79adfe0a90
	- fabric-registry-sync-v0 0.9.29+9244241690
	- fabric-renderer-api-v1 1.1.0+e7aeff4590
	- fabric-renderer-indigo 0.6.17+aeb40ebe90
	- fabric-rendering-data-attachment-v1 0.3.17+0d0f210290
	- fabric-rendering-fluids-v1 3.0.9+c6af733c90
	- fabric-rendering-v1 1.11.1+73145abb90
	- fabric-resource-conditions-api-v1 2.1.1+aae9039d90
	- fabric-resource-loader-v0 0.8.2+574a764890
	- fabric-screen-api-v1 1.0.30+b0bc9a6790
	- fabric-screen-handler-api-v1 1.3.4+1cc24b1b90
	- fabric-sound-api-v1 1.0.1+c4f28df590
	- fabric-textures-v0 1.0.22+aeb40ebe90
	- fabric-transfer-api-v1 2.1.3+9d081d6490
	- fabric-transitive-access-wideners-v1 1.3.2+42d99c3290
	- fabricloader 0.14.11
	- java 17
	- meow 3
	- minecraft 1.19.2
[10:10:56] [main/INFO] (FabricLoader/Mixin) SpongePowered MIXIN Subsystem Version=0.8.5 Source=file:/C:/Users/telma/.gradle/caches/modules-2/files-2.1/net.fabricmc/sponge-mixin/0.11.4+mixin.0.8.5/c1dc27696aa4006e492c2485c9ccbcb26045a971/sponge-mixin-0.11.4+mixin.0.8.5.jar Service=Knot/Fabric Env=CLIENT
[10:10:57] [main/INFO] (FabricLoader/Mixin) Loaded Fabric development mappings for mixin remapper!
[10:10:57] [main/INFO] (FabricLoader/Mixin) Compatibility level set to JAVA_16
[10:10:57] [main/INFO] (FabricLoader/Mixin) Compatibility level set to JAVA_17
[10:11:04] [main/WARN] (FileUtil) Configuration conflict: there is more than one oshi.properties file on the classpath
[10:11:05] [main/WARN] (FileUtil) Configuration conflict: there is more than one oshi.architecture.properties file on the classpath
[10:11:20] [main/INFO] (Minecraft) Building optimized datafixer
[10:11:35] [Render thread/INFO] (Minecraft) Environment: authHost='https://authserver.mojang.com', accountsHost='https://api.mojang.com', sessionHost='https://sessionserver.mojang.com', servicesHost='https://api.minecraftservices.com', name='PROD'
[10:11:36] [Render thread/ERROR] (Minecraft) Failed to verify authentication
com.mojang.authlib.exceptions.InvalidCredentialsException: Status: 401
	at com.mojang.authlib.exceptions.MinecraftClientHttpException.toAuthenticationException(MinecraftClientHttpException.java:56) ~[authlib-3.11.49.jar:?]
	at com.mojang.authlib.yggdrasil.YggdrasilUserApiService.fetchProperties(YggdrasilUserApiService.java:155) ~[authlib-3.11.49.jar:?]
	at com.mojang.authlib.yggdrasil.YggdrasilUserApiService.<init>(YggdrasilUserApiService.java:55) ~[authlib-3.11.49.jar:?]
	at com.mojang.authlib.yggdrasil.YggdrasilAuthenticationService.createUserApiService(YggdrasilAuthenticationService.java:161) ~[authlib-3.11.49.jar:?]
	at net.minecraft.client.MinecraftClient.createUserApiService(MinecraftClient.java:711) [minecraft-project-@-merged-named.jar:?]
	at net.minecraft.client.MinecraftClient.<init>(MinecraftClient.java:431) [minecraft-project-@-merged-named.jar:?]
	at net.minecraft.client.main.Main.main(Main.java:205) [minecraft-project-@-merged-named.jar:?]
	at net.minecraft.client.main.Main.main(Main.java:51) [minecraft-project-@-merged-named.jar:?]
	at net.fabricmc.loader.impl.game.minecraft.MinecraftGameProvider.launch(MinecraftGameProvider.java:461) [fabric-loader-0.14.11.jar:?]
	at net.fabricmc.loader.impl.launch.knot.Knot.launch(Knot.java:74) [fabric-loader-0.14.11.jar:?]
	at net.fabricmc.loader.impl.launch.knot.KnotClient.main(KnotClient.java:23) [fabric-loader-0.14.11.jar:?]
	at net.fabricmc.devlaunchinjector.Main.main(Main.java:86) [dev-launch-injector-0.2.1+build.8.jar:?]
Caused by: com.mojang.authlib.exceptions.MinecraftClientHttpException: Status: 401
	at com.mojang.authlib.minecraft.client.MinecraftClient.readInputStream(MinecraftClient.java:87) ~[authlib-3.11.49.jar:?]
	at com.mojang.authlib.minecraft.client.MinecraftClient.get(MinecraftClient.java:48) ~[authlib-3.11.49.jar:?]
	at com.mojang.authlib.yggdrasil.YggdrasilUserApiService.fetchProperties(YggdrasilUserApiService.java:129) ~[authlib-3.11.49.jar:?]
	... 10 more
[10:11:36] [Render thread/INFO] (Minecraft) Setting user: Player704
[10:11:38] [Render thread/INFO] (modid) Hello Fabric world!
[10:11:38] [Render thread/INFO] (Indigo) [Indigo] Registering Indigo renderer!
[10:11:42] [Render thread/INFO] (Minecraft) Backend library: LWJGL version 3.3.1 SNAPSHOT
[10:11:48] [Worker-Main-4/ERROR] (Minecraft) Failed to retrieve profile key pair
java.io.IOException: Could not retrieve profile key pair
	at net.minecraft.client.util.ProfileKeys.fetchKeyPair(ProfileKeys.java:130) ~[minecraft-project-@-merged-named.jar:?]
	at net.minecraft.client.util.ProfileKeys.method_44291(ProfileKeys.java:69) ~[minecraft-project-@-merged-named.jar:?]
	at java.util.concurrent.CompletableFuture$AsyncSupply.run(CompletableFuture.java:1768) [?:?]
	at java.util.concurrent.CompletableFuture$AsyncSupply.exec(CompletableFuture.java:1760) [?:?]
	at java.util.concurrent.ForkJoinTask.doExec(ForkJoinTask.java:373) [?:?]
	at java.util.concurrent.ForkJoinPool$WorkQueue.topLevelExec(ForkJoinPool.java:1182) [?:?]
	at java.util.concurrent.ForkJoinPool.scan(ForkJoinPool.java:1655) [?:?]
	at java.util.concurrent.ForkJoinPool.runWorker(ForkJoinPool.java:1622) [?:?]
	at java.util.concurrent.ForkJoinWorkerThread.run(ForkJoinWorkerThread.java:165) [?:?]
[10:11:48] [Render thread/INFO] (Minecraft) Narrator library for x64 successfully loaded
[10:11:48] [Render thread/INFO] (Minecraft) Reloading ResourceManager: Default, Fabric Mods (Fabric Registry Sync (v0), Fabric Resource Loader (v0), Fabric Networking API (v1), Fabric Lifecycle Events (v1), Fabric Transfer API (v1), Fabric Models (v0), Fabric Client Tags, Fabric Command API (v2), Fabric Crash Report Info (v1), Fabric Game Test API (v1), Fabric Events Interaction (v0), Fabric Key Binding API (v1), Fabric Object Builder API (v1), Fabric Dimensions API (v1), Fabric Biome API (v1), Fabric Particles (v1), Fabric Loot API (v2), Fabric Screen Handler API (v1), Fabric BlockRenderLayer Registration (v1), Meow :3, Fabric Textures (v0), Fabric Item API (v1), Fabric Rendering Data Attachment (v1), Fabric Entity Events (v1), Fabric Rendering (v1), Fabric Message API (v1), Fabric Content Registries (v0), Fabric Game Rule API (v1), Fabric Resource Conditions API (v1), Fabric Mining Level API (v1), Fabric Screen API (v1), Fabric API, Fabric API Base, Fabric Loader, Fabric Renderer API (v1), Fabric Renderer - Indigo, Fabric Convention Tags, Fabric API Lookup API (v1), Fabric Item Groups (v0), Fabric Rendering Fluids (v1), Fabric Sound API (v1), Fabric Data Generation API (v1), Fabric Transitive Access Wideners (v1))
[10:11:50] [Render thread/INFO] (Minecraft) [STDOUT]: ezpz!!
[10:11:50] [Render thread/INFO] (Minecraft) [STDOUT]: ezpz!!
[10:11:50] [Render thread/INFO] (Minecraft) [STDOUT]: ezpz!!
[10:11:50] [Render thread/INFO] (Minecraft) [STDOUT]: ezpz!!
[10:11:50] [Render thread/INFO] (Minecraft) [STDOUT]: ezpz!!
[10:11:50] [Render thread/INFO] (Minecraft) [STDOUT]: ezpz!!
[10:11:50] [Render thread/INFO] (Minecraft) [STDOUT]: ezpz!!
[10:11:50] [Render thread/INFO] (Minecraft) [STDOUT]: ezpz!!
[10:11:50] [Render thread/INFO] (Minecraft) [STDOUT]: ezpz!!
[10:11:50] [Render thread/INFO] (Minecraft) [STDOUT]: ezpz!!
[10:11:50] [Realms Notification Availability checker #1/INFO] (Minecraft) Could not authorize you against Realms server: Invalid session id
[10:11:51] [Render thread/INFO] (Minecraft) [STDOUT]: ezpz!!
[10:11:51] [Render thread/INFO] (Minecraft) [STDOUT]: ezpz!!
[10:11:51] [Render thread/INFO] (Minecraft) [STDOUT]: ezpz!!
[10:11:51] [Render thread/INFO] (Minecraft) [STDOUT]: ezpz!!
[10:11:51] [Render thread/INFO] (Minecraft) [STDOUT]: ezpz!!
[10:11:51] [Render thread/INFO] (Minecraft) [STDOUT]: ezpz!!
[10:11:51] [Render thread/INFO] (Minecraft) [STDOUT]: ezpz!!
[10:11:51] [Render thread/INFO] (Minecraft) [STDOUT]: ezpz!!
[10:11:51] [Render thread/INFO] (Minecraft) [STDOUT]: ezpz!!
[10:11:51] [Render thread/INFO] (Minecraft) [STDOUT]: ezpz!!
[10:11:51] [Render thread/INFO] (Minecraft) [STDOUT]: ezpz!!
[10:11:51] [Render thread/INFO] (Minecraft) [STDOUT]: ezpz!!
[10:11:51] [Render thread/INFO] (Minecraft) [STDOUT]: ezpz!!
[10:11:51] [Render thread/INFO] (Minecraft) [STDOUT]: ezpz!!
[10:11:51] [Render thread/INFO] (Minecraft) [STDOUT]: ezpz!!
[10:11:51] [Render thread/INFO] (Minecraft) [STDOUT]: ezpz!!
[10:11:51] [Render thread/INFO] (Minecraft) [STDOUT]: ezpz!!
[10:11:51] [Render thread/INFO] (Minecraft) [STDOUT]: ezpz!!
[10:11:51] [Render thread/INFO] (Minecraft) [STDOUT]: ezpz!!
[10:11:51] [Render thread/INFO] (Minecraft) [STDOUT]: ezpz!!
[10:11:51] [Render thread/INFO] (Minecraft) [STDOUT]: ezpz!!
[10:11:51] [Render thread/INFO] (Minecraft) [STDOUT]: ezpz!!
[10:11:52] [Render thread/INFO] (Minecraft) [STDOUT]: ezpz!!
[10:11:52] [Render thread/INFO] (Minecraft) [STDOUT]: ezpz!!
[10:11:52] [Render thread/INFO] (Minecraft) [STDOUT]: ezpz!!
[10:11:52] [Render thread/INFO] (Minecraft) [STDOUT]: ezpz!!
[10:11:52] [Render thread/INFO] (Minecraft) [STDOUT]: ezpz!!
[10:11:52] [Render thread/INFO] (Minecraft) [STDOUT]: ezpz!!
[10:11:52] [Render thread/INFO] (Minecraft) [STDOUT]: ezpz!!
[10:11:52] [Render thread/INFO] (Minecraft) [STDOUT]: ezpz!!
[10:11:52] [Render thread/INFO] (Minecraft) [STDOUT]: ezpz!!
[10:11:52] [Render thread/INFO] (Minecraft) [STDOUT]: ezpz!!
[10:11:52] [Render thread/INFO] (Minecraft) [STDOUT]: ezpz!!
[10:11:52] [Render thread/INFO] (Minecraft) [STDOUT]: ezpz!!
[10:11:52] [Render thread/INFO] (Minecraft) [STDOUT]: ezpz!!
[10:11:52] [Render thread/INFO] (Minecraft) [STDOUT]: ezpz!!
[10:11:52] [Render thread/INFO] (Minecraft) [STDOUT]: ezpz!!
[10:11:52] [Render thread/INFO] (Minecraft) [STDOUT]: ezpz!!
[10:11:52] [Render thread/INFO] (Minecraft) [STDOUT]: ezpz!!
[10:11:52] [Render thread/INFO] (Minecraft) [STDOUT]: ezpz!!
[10:11:52] [Render thread/INFO] (Minecraft) [STDOUT]: ezpz!!
[10:11:53] [Render thread/INFO] (Minecraft) [STDOUT]: ezpz!!
[10:11:53] [Render thread/INFO] (Minecraft) [STDOUT]: ezpz!!
[10:11:53] [Render thread/INFO] (Minecraft) [STDOUT]: ezpz!!
[10:11:53] [Render thread/INFO] (Minecraft) [STDOUT]: ezpz!!
[10:11:53] [Render thread/INFO] (Minecraft) [STDOUT]: ezpz!!
[10:11:53] [Render thread/INFO] (Minecraft) [STDOUT]: ezpz!!
[10:11:53] [Render thread/INFO] (Minecraft) [STDOUT]: ezpz!!
[10:11:53] [Render thread/INFO] (Minecraft) [STDOUT]: ezpz!!
[10:11:53] [Render thread/INFO] (Minecraft) [STDOUT]: ezpz!!
[10:11:53] [Render thread/INFO] (Minecraft) [STDOUT]: ezpz!!
[10:11:53] [Render thread/INFO] (Minecraft) [STDOUT]: ezpz!!
[10:11:53] [Render thread/INFO] (Minecraft) [STDOUT]: ezpz!!
[10:11:53] [Render thread/INFO] (Minecraft) [STDOUT]: ezpz!!
[10:11:53] [Render thread/INFO] (Minecraft) [STDOUT]: ezpz!!
[10:11:53] [Render thread/INFO] (Minecraft) [STDOUT]: ezpz!!
[10:11:53] [Render thread/INFO] (Minecraft) [STDOUT]: ezpz!!
[10:11:53] [Render thread/INFO] (Minecraft) [STDOUT]: ezpz!!
[10:11:53] [Render thread/INFO] (Minecraft) [STDOUT]: ezpz!!
[10:11:53] [Render thread/INFO] (Minecraft) [STDOUT]: ezpz!!
[10:11:53] [Render thread/INFO] (Minecraft) [STDOUT]: ezpz!!
[10:11:54] [Render thread/INFO] (Minecraft) [STDOUT]: ezpz!!
[10:11:54] [Render thread/INFO] (Minecraft) [STDOUT]: ezpz!!
[10:11:54] [Render thread/INFO] (Minecraft) [STDOUT]: ezpz!!
[10:11:54] [Render thread/INFO] (Minecraft) [STDOUT]: ezpz!!
[10:11:54] [Render thread/INFO] (Minecraft) [STDOUT]: ezpz!!
[10:11:54] [Render thread/INFO] (Minecraft) [STDOUT]: ezpz!!
[10:11:54] [Render thread/INFO] (Minecraft) [STDOUT]: ezpz!!
[10:11:54] [Render thread/INFO] (Minecraft) [STDOUT]: ezpz!!
[10:11:54] [Render thread/INFO] (Minecraft) [STDOUT]: ezpz!!
[10:11:54] [Render thread/INFO] (Minecraft) [STDOUT]: ezpz!!
[10:11:54] [Render thread/INFO] (Minecraft) [STDOUT]: ezpz!!
[10:11:54] [Render thread/INFO] (Minecraft) [STDOUT]: ezpz!!
[10:11:54] [Render thread/INFO] (Minecraft) [STDOUT]: ezpz!!
[10:11:54] [Render thread/INFO] (Minecraft) [STDOUT]: ezpz!!
[10:11:54] [Render thread/INFO] (Minecraft) [STDOUT]: ezpz!!
[10:11:54] [Render thread/INFO] (Minecraft) [STDOUT]: ezpz!!
[10:11:54] [Render thread/INFO] (Minecraft) [STDOUT]: ezpz!!
[10:11:54] [Render thread/INFO] (Minecraft) [STDOUT]: ezpz!!
[10:11:54] [Render thread/INFO] (Minecraft) [STDOUT]: ezpz!!
[10:11:54] [Render thread/INFO] (Minecraft) [STDOUT]: ezpz!!
[10:11:54] [Render thread/INFO] (Minecraft) [STDOUT]: ezpz!!
[10:11:55] [Render thread/INFO] (Minecraft) [STDOUT]: ezpz!!
[10:11:55] [Render thread/INFO] (Minecraft) [STDOUT]: ezpz!!
[10:11:55] [Render thread/INFO] (Minecraft) [STDOUT]: ezpz!!
[10:11:55] [Render thread/INFO] (Minecraft) [STDOUT]: ezpz!!
[10:11:55] [Render thread/INFO] (Minecraft) [STDOUT]: ezpz!!
[10:11:55] [Render thread/INFO] (Minecraft) [STDOUT]: ezpz!!
[10:11:55] [Render thread/INFO] (Minecraft) [STDOUT]: ezpz!!
[10:11:55] [Render thread/INFO] (Minecraft) [STDOUT]: ezpz!!
[10:11:55] [Render thread/INFO] (Minecraft) [STDOUT]: ezpz!!
[10:11:55] [Render thread/INFO] (Minecraft) [STDOUT]: ezpz!!
[10:11:55] [Render thread/INFO] (Minecraft) [STDOUT]: ezpz!!
[10:11:55] [Render thread/INFO] (Minecraft) [STDOUT]: ezpz!!
[10:11:55] [Render thread/INFO] (Minecraft) [STDOUT]: ezpz!!
[10:11:55] [Render thread/INFO] (Minecraft) [STDOUT]: ezpz!!
[10:11:55] [Render thread/INFO] (Minecraft) [STDOUT]: ezpz!!
[10:11:55] [Render thread/INFO] (Minecraft) [STDOUT]: ezpz!!
[10:11:55] [Render thread/INFO] (Minecraft) [STDOUT]: ezpz!!
[10:11:55] [Render thread/INFO] (Minecraft) [STDOUT]: ezpz!!
[10:11:55] [Render thread/INFO] (Minecraft) [STDOUT]: ezpz!!
[10:11:55] [Render thread/INFO] (Minecraft) [STDOUT]: ezpz!!
[10:11:56] [Render thread/INFO] (Minecraft) [STDOUT]: ezpz!!
[10:11:56] [Render thread/INFO] (Minecraft) [STDOUT]: ezpz!!
[10:11:56] [Render thread/INFO] (Minecraft) [STDOUT]: ezpz!!
[10:11:56] [Render thread/INFO] (Minecraft) [STDOUT]: ezpz!!
[10:11:56] [Render thread/INFO] (Minecraft) [STDOUT]: ezpz!!
[10:11:56] [Render thread/INFO] (Minecraft) [STDOUT]: ezpz!!
[10:11:56] [Render thread/INFO] (Minecraft) [STDOUT]: ezpz!!
[10:11:56] [Render thread/INFO] (Minecraft) [STDOUT]: ezpz!!
[10:11:56] [Render thread/INFO] (Minecraft) [STDOUT]: ezpz!!
[10:11:56] [Render thread/INFO] (Minecraft) [STDOUT]: ezpz!!
[10:11:56] [Render thread/INFO] (Minecraft) [STDOUT]: ezpz!!
[10:11:56] [Render thread/INFO] (Minecraft) [STDOUT]: ezpz!!
[10:11:56] [Render thread/INFO] (Minecraft) [STDOUT]: ezpz!!
[10:11:56] [Render thread/INFO] (Minecraft) [STDOUT]: ezpz!!
[10:11:56] [Render thread/INFO] (Minecraft) [STDOUT]: ezpz!!
[10:11:56] [Render thread/INFO] (Minecraft) [STDOUT]: ezpz!!
[10:11:56] [Render thread/INFO] (Minecraft) [STDOUT]: ezpz!!
[10:11:56] [Render thread/INFO] (Minecraft) [STDOUT]: ezpz!!
[10:11:57] [Render thread/INFO] (Minecraft) [STDOUT]: ezpz!!
[10:11:57] [Render thread/INFO] (Minecraft) [STDOUT]: ezpz!!
[10:11:57] [Render thread/INFO] (Minecraft) [STDOUT]: ezpz!!
[10:11:57] [Render thread/INFO] (Minecraft) [STDOUT]: ezpz!!
[10:11:57] [Render thread/INFO] (Minecraft) [STDOUT]: ezpz!!
[10:11:57] [Render thread/INFO] (Minecraft) [STDOUT]: ezpz!!
[10:11:57] [Render thread/INFO] (Minecraft) [STDOUT]: ezpz!!
[10:11:57] [Render thread/INFO] (Minecraft) [STDOUT]: ezpz!!
[10:11:57] [Render thread/INFO] (Minecraft) [STDOUT]: ezpz!!
[10:11:57] [Render thread/INFO] (Minecraft) [STDOUT]: ezpz!!
[10:11:57] [Render thread/INFO] (Minecraft) [STDOUT]: ezpz!!
[10:11:57] [Render thread/INFO] (Minecraft) [STDOUT]: ezpz!!
[10:11:57] [Render thread/INFO] (Minecraft) [STDOUT]: ezpz!!
[10:11:57] [Render thread/INFO] (Minecraft) [STDOUT]: ezpz!!
[10:11:57] [Render thread/INFO] (Minecraft) [STDOUT]: ezpz!!
[10:11:57] [Render thread/INFO] (Minecraft) [STDOUT]: ezpz!!
[10:11:57] [Render thread/INFO] (Minecraft) [STDOUT]: ezpz!!
[10:11:57] [Render thread/INFO] (Minecraft) [STDOUT]: ezpz!!
[10:11:57] [Render thread/INFO] (Minecraft) [STDOUT]: ezpz!!
[10:11:57] [Render thread/INFO] (Minecraft) [STDOUT]: ezpz!!
[10:11:57] [Render thread/INFO] (Minecraft) [STDOUT]: ezpz!!
[10:11:58] [Render thread/INFO] (Minecraft) [STDOUT]: ezpz!!
[10:11:58] [Render thread/INFO] (Minecraft) [STDOUT]: ezpz!!
[10:11:58] [Render thread/INFO] (Minecraft) [STDOUT]: ezpz!!
[10:11:58] [Render thread/INFO] (Minecraft) [STDOUT]: ezpz!!
[10:11:58] [Render thread/INFO] (Minecraft) [STDOUT]: ezpz!!
[10:11:58] [Render thread/INFO] (Minecraft) [STDOUT]: ezpz!!
[10:11:58] [Render thread/INFO] (Minecraft) [STDOUT]: ezpz!!
[10:11:58] [Render thread/INFO] (Minecraft) [STDOUT]: ezpz!!
[10:11:58] [Render thread/INFO] (Minecraft) [STDOUT]: ezpz!!
[10:11:58] [Render thread/INFO] (Minecraft) [STDOUT]: ezpz!!
[10:11:58] [Render thread/INFO] (Minecraft) [STDOUT]: ezpz!!
[10:11:58] [Render thread/INFO] (Minecraft) [STDOUT]: ezpz!!
[10:11:58] [Render thread/INFO] (Minecraft) [STDOUT]: ezpz!!
[10:11:58] [Render thread/INFO] (Minecraft) [STDOUT]: ezpz!!
[10:11:58] [Render thread/INFO] (Minecraft) [STDOUT]: ezpz!!
[10:11:58] [Render thread/INFO] (Minecraft) [STDOUT]: ezpz!!
[10:11:58] [Render thread/INFO] (Minecraft) [STDOUT]: ezpz!!
[10:11:58] [Render thread/INFO] (Minecraft) [STDOUT]: ezpz!!
[10:11:58] [Render thread/INFO] (Minecraft) [STDOUT]: ezpz!!
[10:11:58] [Render thread/INFO] (Minecraft) [STDOUT]: ezpz!!
[10:11:58] [Render thread/INFO] (Minecraft) [STDOUT]: ezpz!!
[10:11:59] [Render thread/INFO] (Minecraft) [STDOUT]: ezpz!!
[10:11:59] [Render thread/INFO] (Minecraft) [STDOUT]: ezpz!!
[10:11:59] [Render thread/INFO] (Minecraft) [STDOUT]: ezpz!!
[10:11:59] [Render thread/INFO] (Minecraft) [STDOUT]: ezpz!!
[10:11:59] [Render thread/INFO] (Minecraft) [STDOUT]: ezpz!!
[10:11:59] [Render thread/INFO] (Minecraft) [STDOUT]: ezpz!!
[10:11:59] [Render thread/INFO] (Minecraft) [STDOUT]: ezpz!!
[10:11:59] [Render thread/INFO] (Minecraft) [STDOUT]: ezpz!!
[10:11:59] [Render thread/INFO] (Minecraft) [STDOUT]: ezpz!!
[10:11:59] [Render thread/WARN] (Minecraft) Missing sound for event: minecraft:item.goat_horn.play
[10:11:59] [Render thread/WARN] (Minecraft) Missing sound for event: minecraft:entity.goat.screaming.horn_break
[10:12:00] [Render thread/INFO] (Minecraft) OpenAL initialized on device OpenAL Soft on Speaker / Headphone (Realtek(R) Audio)
[10:12:00] [Render thread/INFO] (Minecraft) Sound engine started
[10:12:01] [Render thread/INFO] (Minecraft) Created: 1024x1024x4 minecraft:textures/atlas/blocks.png-atlas
[10:12:01] [Render thread/INFO] (Minecraft) Created: 256x128x4 minecraft:textures/atlas/signs.png-atlas
[10:12:01] [Render thread/INFO] (Minecraft) Created: 1024x512x4 minecraft:textures/atlas/banner_patterns.png-atlas
[10:12:01] [Render thread/INFO] (Minecraft) Created: 1024x512x4 minecraft:textures/atlas/shield_patterns.png-atlas
[10:12:01] [Render thread/INFO] (Minecraft) Created: 256x256x4 minecraft:textures/atlas/chest.png-atlas
[10:12:01] [Render thread/INFO] (Minecraft) Created: 512x256x4 minecraft:textures/atlas/beds.png-atlas
[10:12:01] [Render thread/INFO] (Minecraft) Created: 512x256x4 minecraft:textures/atlas/shulker_boxes.png-atlas
[10:12:04] [Render thread/WARN] (Minecraft) Shader rendertype_entity_translucent_emissive could not find sampler named Sampler2 in the specified shader program.
[10:12:04] [Render thread/INFO] (Minecraft) Created: 512x256x0 minecraft:textures/atlas/particles.png-atlas
[10:12:04] [Render thread/INFO] (Minecraft) Created: 256x256x0 minecraft:textures/atlas/paintings.png-atlas
[10:12:04] [Render thread/INFO] (Minecraft) Created: 256x128x0 minecraft:textures/atlas/mob_effects.png-atlas
[10:12:04] [Render thread/INFO] (Minecraft) [STDOUT]: ezpz!!
[10:12:04] [Render thread/INFO] (Minecraft) [STDOUT]: ezpz!!
[10:12:04] [Render thread/INFO] (Minecraft) [STDOUT]: ezpz!!
[10:12:04] [Render thread/INFO] (Minecraft) [STDOUT]: ezpz!!
[10:12:04] [Render thread/INFO] (Minecraft) [STDOUT]: ezpz!!
[10:12:04] [Render thread/INFO] (Minecraft) [STDOUT]: ezpz!!
[10:12:04] [Render thread/INFO] (Minecraft) [STDOUT]: ezpz!!
[10:12:04] [Render thread/INFO] (Minecraft) [STDOUT]: ezpz!!
[10:12:04] [Render thread/INFO] (Minecraft) [STDOUT]: ezpz!!
[10:12:04] [Render thread/INFO] (Minecraft) [STDOUT]: ezpz!!
[10:12:04] [Render thread/INFO] (Minecraft) [STDOUT]: ezpz!!
[10:12:04] [Render thread/INFO] (Minecraft) [STDOUT]: ezpz!!
[10:12:04] [Render thread/INFO] (Minecraft) [STDOUT]: ezpz!!
[10:12:04] [Render thread/INFO] (Minecraft) [STDOUT]: ezpz!!
[10:12:04] [Render thread/INFO] (Minecraft) [STDOUT]: ezpz!!
[10:12:05] [Render thread/INFO] (Minecraft) [STDOUT]: ezpz!!
[10:12:05] [Render thread/INFO] (Minecraft) [STDOUT]: ezpz!!
[10:12:05] [Render thread/INFO] (Minecraft) [STDOUT]: ezpz!!
[10:12:05] [Render thread/INFO] (Minecraft) [STDOUT]: ezpz!!
[10:12:05] [Render thread/INFO] (Minecraft) [STDOUT]: ezpz!!
[10:12:05] [Render thread/INFO] (Minecraft) [STDOUT]: ezpz!!
[10:12:05] [Render thread/INFO] (Minecraft) [STDOUT]: ezpz!!
[10:12:05] [Render thread/INFO] (Minecraft) [STDOUT]: ezpz!!
[10:12:05] [Render thread/INFO] (Minecraft) [STDOUT]: ezpz!!
[10:12:05] [Render thread/INFO] (Minecraft) [STDOUT]: ezpz!!
[10:12:05] [Render thread/INFO] (Minecraft) [STDOUT]: ezpz!!
[10:12:05] [Render thread/INFO] (Minecraft) [STDOUT]: ezpz!!
[10:12:05] [Render thread/INFO] (Minecraft) [STDOUT]: ezpz!!
[10:12:05] [Render thread/INFO] (Minecraft) [STDOUT]: ezpz!!
[10:12:05] [Render thread/INFO] (Minecraft) [STDOUT]: ezpz!!
[10:12:05] [Render thread/INFO] (Minecraft) [STDOUT]: ezpz!!
[10:12:05] [Render thread/INFO] (Minecraft) [STDOUT]: ezpz!!
[10:12:05] [Render thread/INFO] (Minecraft) [STDOUT]: ezpz!!
[10:12:05] [Render thread/INFO] (Minecraft) [STDOUT]: ezpz!!
[10:12:05] [Render thread/INFO] (Minecraft) [STDOUT]: ezpz!!
[10:12:06] [Render thread/INFO] (Minecraft) [STDOUT]: ezpz!!
[10:12:06] [Render thread/INFO] (Minecraft) [STDOUT]: ezpz!!
[10:12:06] [Render thread/INFO] (Minecraft) [STDOUT]: ezpz!!
[10:12:06] [Render thread/INFO] (Minecraft) [STDOUT]: ezpz!!
[10:12:06] [Render thread/INFO] (Minecraft) [STDOUT]: ezpz!!
[10:12:06] [Render thread/INFO] (Minecraft) [STDOUT]: ezpz!!
[10:12:06] [Render thread/INFO] (Minecraft) [STDOUT]: ezpz!!
[10:12:06] [Render thread/INFO] (Minecraft) [STDOUT]: ezpz!!
[10:12:06] [Render thread/INFO] (Minecraft) [STDOUT]: ezpz!!
[10:12:06] [Render thread/INFO] (Minecraft) [STDOUT]: ezpz!!
[10:12:06] [Render thread/INFO] (Minecraft) [STDOUT]: ezpz!!
[10:12:06] [Render thread/INFO] (Minecraft) [STDOUT]: ezpz!!
[10:12:06] [Render thread/INFO] (Minecraft) [STDOUT]: ezpz!!
[10:12:06] [Render thread/INFO] (Minecraft) [STDOUT]: ezpz!!
[10:12:06] [Render thread/INFO] (Minecraft) [STDOUT]: ezpz!!
[10:12:06] [Render thread/INFO] (Minecraft) [STDOUT]: ezpz!!
[10:12:07] [Render thread/INFO] (Minecraft) [STDOUT]: ezpz!!
[10:12:07] [Render thread/INFO] (Minecraft) [STDOUT]: ezpz!!
[10:12:07] [Render thread/INFO] (Minecraft) [STDOUT]: ezpz!!
[10:12:07] [Render thread/INFO] (Minecraft) [STDOUT]: ezpz!!
[10:12:07] [Render thread/INFO] (Minecraft) [STDOUT]: ezpz!!
[10:12:07] [Render thread/INFO] (Minecraft) [STDOUT]: ezpz!!
[10:12:07] [Render thread/INFO] (Minecraft) [STDOUT]: ezpz!!
[10:12:07] [Render thread/INFO] (Minecraft) [STDOUT]: ezpz!!
[10:12:07] [Render thread/INFO] (Minecraft) [STDOUT]: ezpz!!
[10:12:07] [Render thread/INFO] (Minecraft) [STDOUT]: ezpz!!
[10:12:07] [Render thread/INFO] (Minecraft) [STDOUT]: ezpz!!
[10:12:07] [Render thread/INFO] (Minecraft) [STDOUT]: ezpz!!
[10:12:07] [Render thread/INFO] (Minecraft) [STDOUT]: ezpz!!
[10:12:07] [Render thread/INFO] (Minecraft) [STDOUT]: ezpz!!
[10:12:07] [Render thread/INFO] (Minecraft) [STDOUT]: ezpz!!
[10:12:07] [Render thread/INFO] (Minecraft) [STDOUT]: ezpz!!
[10:12:07] [Render thread/INFO] (Minecraft) [STDOUT]: ezpz!!
[10:12:07] [Render thread/INFO] (Minecraft) [STDOUT]: ezpz!!
[10:12:07] [Render thread/INFO] (Minecraft) [STDOUT]: ezpz!!
[10:12:07] [Render thread/INFO] (Minecraft) [STDOUT]: ezpz!!
[10:12:07] [Render thread/INFO] (Minecraft) [STDOUT]: ezpz!!
[10:12:08] [Render thread/INFO] (Minecraft) [STDOUT]: ezpz!!
[10:12:08] [Render thread/INFO] (Minecraft) [STDOUT]: ezpz!!
[10:12:08] [Render thread/INFO] (Minecraft) [STDOUT]: ezpz!!
[10:12:08] [Render thread/INFO] (Minecraft) [STDOUT]: ezpz!!
[10:12:08] [Render thread/INFO] (Minecraft) [STDOUT]: ezpz!!
[10:12:08] [Render thread/INFO] (Minecraft) [STDOUT]: ezpz!!
[10:12:08] [Render thread/INFO] (Minecraft) [STDOUT]: ezpz!!
[10:12:08] [Render thread/INFO] (Minecraft) [STDOUT]: ezpz!!
[10:12:08] [Render thread/INFO] (Minecraft) [STDOUT]: ezpz!!
[10:12:08] [Render thread/INFO] (Minecraft) [STDOUT]: ezpz!!
[10:12:08] [Render thread/INFO] (Minecraft) [STDOUT]: ezpz!!
[10:12:08] [Render thread/INFO] (Minecraft) [STDOUT]: ezpz!!
[10:12:08] [Render thread/INFO] (Minecraft) [STDOUT]: ezpz!!
[10:12:09] [Render thread/INFO] (Minecraft) [STDOUT]: ezpz!!
[10:12:09] [Render thread/INFO] (Minecraft) [STDOUT]: ezpz!!
[10:12:09] [Render thread/INFO] (Minecraft) [STDOUT]: ezpz!!
[10:12:09] [Render thread/INFO] (Minecraft) [STDOUT]: ezpz!!
[10:12:09] [Render thread/INFO] (Minecraft) [STDOUT]: ezpz!!
[10:12:09] [Render thread/INFO] (Minecraft) [STDOUT]: ezpz!!
[10:12:09] [Render thread/INFO] (Minecraft) [STDOUT]: ezpz!!
[10:12:09] [Render thread/INFO] (Minecraft) [STDOUT]: ezpz!!
[10:12:09] [Render thread/INFO] (Minecraft) [STDOUT]: ezpz!!
[10:12:09] [Render thread/INFO] (Minecraft) [STDOUT]: ezpz!!
[10:12:09] [Render thread/INFO] (Minecraft) [STDOUT]: ezpz!!
[10:12:09] [Render thread/INFO] (Minecraft) [STDOUT]: ezpz!!
[10:12:09] [Render thread/INFO] (Minecraft) [STDOUT]: ezpz!!
[10:12:09] [Render thread/INFO] (Minecraft) [STDOUT]: ezpz!!
[10:12:09] [Render thread/INFO] (Minecraft) [STDOUT]: ezpz!!
[10:12:09] [Render thread/INFO] (Minecraft) [STDOUT]: ezpz!!
[10:12:09] [Render thread/INFO] (Minecraft) [STDOUT]: ezpz!!
[10:12:09] [Render thread/INFO] (Minecraft) [STDOUT]: ezpz!!
[10:12:09] [Render thread/INFO] (Minecraft) [STDOUT]: ezpz!!
[10:12:09] [Render thread/INFO] (Minecraft) [STDOUT]: ezpz!!
[10:12:09] [Render thread/INFO] (Minecraft) [STDOUT]: ezpz!!
[10:12:09] [Render thread/INFO] (Minecraft) [STDOUT]: ezpz!!
[10:12:09] [Render thread/INFO] (Minecraft) [STDOUT]: ezpz!!
[10:12:09] [Render thread/INFO] (Minecraft) [STDOUT]: ezpz!!
[10:12:09] [Render thread/INFO] (Minecraft) [STDOUT]: ezpz!!
[10:12:09] [Render thread/INFO] (Minecraft) [STDOUT]: ezpz!!
[10:12:09] [Render thread/INFO] (Minecraft) [STDOUT]: ezpz!!
[10:12:10] [Render thread/INFO] (Minecraft) [STDOUT]: ezpz!!
[10:12:10] [Render thread/INFO] (Minecraft) [STDOUT]: ezpz!!
[10:12:10] [Render thread/INFO] (Minecraft) [STDOUT]: ezpz!!
[10:12:10] [Render thread/INFO] (Minecraft) [STDOUT]: ezpz!!
[10:12:10] [Render thread/INFO] (Minecraft) [STDOUT]: ezpz!!
[10:12:10] [Render thread/INFO] (Minecraft) [STDOUT]: ezpz!!
[10:12:10] [Render thread/INFO] (Minecraft) [STDOUT]: ezpz!!
[10:12:10] [Render thread/INFO] (Minecraft) [STDOUT]: ezpz!!
[10:12:10] [Render thread/INFO] (Minecraft) [STDOUT]: ezpz!!
[10:12:10] [Render thread/INFO] (Minecraft) [STDOUT]: ezpz!!
[10:12:10] [Render thread/INFO] (Minecraft) [STDOUT]: ezpz!!
[10:12:10] [Render thread/INFO] (Minecraft) [STDOUT]: ezpz!!
[10:12:10] [Render thread/INFO] (Minecraft) [STDOUT]: ezpz!!
[10:12:10] [Render thread/INFO] (Minecraft) [STDOUT]: ezpz!!
[10:12:10] [Render thread/INFO] (Minecraft) [STDOUT]: ezpz!!
[10:12:10] [Render thread/INFO] (Minecraft) [STDOUT]: ezpz!!
[10:12:10] [Render thread/INFO] (Minecraft) [STDOUT]: ezpz!!
[10:12:10] [Render thread/INFO] (Minecraft) [STDOUT]: ezpz!!
[10:12:10] [Render thread/INFO] (Minecraft) [STDOUT]: ezpz!!
[10:12:10] [Render thread/INFO] (Minecraft) [STDOUT]: ezpz!!
[10:12:11] [Render thread/INFO] (Minecraft) [STDOUT]: ezpz!!
[10:12:11] [Render thread/INFO] (Minecraft) [STDOUT]: ezpz!!
[10:12:11] [Render thread/INFO] (Minecraft) [STDOUT]: ezpz!!
[10:12:11] [Render thread/INFO] (Minecraft) [STDOUT]: ezpz!!
[10:12:11] [Render thread/INFO] (Minecraft) [STDOUT]: ezpz!!
[10:12:11] [Render thread/INFO] (Minecraft) [STDOUT]: ezpz!!
[10:12:11] [Render thread/INFO] (Minecraft) [STDOUT]: ezpz!!
[10:12:11] [Render thread/INFO] (Minecraft) [STDOUT]: ezpz!!
[10:12:11] [Render thread/INFO] (Minecraft) [STDOUT]: ezpz!!
[10:12:11] [Render thread/INFO] (Minecraft) [STDOUT]: ezpz!!
[10:12:11] [Render thread/INFO] (Minecraft) [STDOUT]: ezpz!!
[10:12:11] [Render thread/INFO] (Minecraft) [STDOUT]: ezpz!!
[10:12:11] [Render thread/INFO] (Minecraft) [STDOUT]: ezpz!!
[10:12:11] [Render thread/INFO] (Minecraft) [STDOUT]: ezpz!!
[10:12:11] [Render thread/INFO] (Minecraft) [STDOUT]: ezpz!!
[10:12:11] [Render thread/INFO] (Minecraft) [STDOUT]: ezpz!!
[10:12:11] [Render thread/INFO] (Minecraft) [STDOUT]: ezpz!!
[10:12:11] [Render thread/INFO] (Minecraft) [STDOUT]: ezpz!!
[10:12:11] [Render thread/INFO] (Minecraft) [STDOUT]: ezpz!!
[10:12:11] [Render thread/INFO] (Minecraft) [STDOUT]: ezpz!!
[10:12:12] [Render thread/INFO] (Minecraft) [STDOUT]: ezpz!!
[10:12:12] [Render thread/INFO] (Minecraft) [STDOUT]: ezpz!!
[10:12:12] [Render thread/INFO] (Minecraft) [STDOUT]: ezpz!!
[10:12:12] [Render thread/INFO] (Minecraft) [STDOUT]: ezpz!!
[10:12:12] [Render thread/INFO] (Minecraft) [STDOUT]: ezpz!!
[10:12:12] [Render thread/INFO] (Minecraft) [STDOUT]: ezpz!!
[10:12:12] [Render thread/INFO] (Minecraft) [STDOUT]: ezpz!!
[10:12:12] [Render thread/INFO] (Minecraft) [STDOUT]: ezpz!!
[10:12:12] [Render thread/INFO] (Minecraft) [STDOUT]: ezpz!!
[10:12:12] [Render thread/INFO] (Minecraft) [STDOUT]: ezpz!!
[10:12:12] [Render thread/INFO] (Minecraft) [STDOUT]: ezpz!!
[10:12:12] [Render thread/INFO] (Minecraft) [STDOUT]: ezpz!!
[10:12:12] [Render thread/INFO] (Minecraft) [STDOUT]: ezpz!!
[10:12:12] [Render thread/INFO] (Minecraft) [STDOUT]: ezpz!!
[10:12:12] [Render thread/INFO] (Minecraft) [STDOUT]: ezpz!!
[10:12:12] [Render thread/INFO] (Minecraft) [STDOUT]: ezpz!!
[10:12:12] [Render thread/INFO] (Minecraft) [STDOUT]: ezpz!!
[10:12:12] [Render thread/INFO] (Minecraft) [STDOUT]: ezpz!!
[10:12:12] [Render thread/INFO] (Minecraft) [STDOUT]: ezpz!!
[10:12:12] [Render thread/INFO] (Minecraft) [STDOUT]: ezpz!!
[10:12:13] [Render thread/INFO] (Minecraft) [STDOUT]: ezpz!!
[10:12:13] [Render thread/INFO] (Minecraft) [STDOUT]: ezpz!!
[10:12:13] [Render thread/INFO] (Minecraft) [STDOUT]: ezpz!!
[10:12:13] [Render thread/INFO] (Minecraft) [STDOUT]: ezpz!!
[10:12:13] [Render thread/INFO] (Minecraft) [STDOUT]: ezpz!!
[10:12:13] [Render thread/INFO] (Minecraft) [STDOUT]: ezpz!!
[10:12:13] [Render thread/INFO] (Minecraft) [STDOUT]: ezpz!!
[10:12:13] [Render thread/INFO] (Minecraft) [STDOUT]: ezpz!!
[10:12:13] [Render thread/INFO] (Minecraft) [STDOUT]: ezpz!!
[10:12:13] [Render thread/INFO] (Minecraft) [STDOUT]: ezpz!!
[10:12:13] [Render thread/INFO] (Minecraft) [STDOUT]: ezpz!!
[10:12:13] [Render thread/INFO] (Minecraft) [STDOUT]: ezpz!!
[10:12:13] [Render thread/INFO] (Minecraft) [STDOUT]: ezpz!!
[10:12:13] [Render thread/INFO] (Minecraft) [STDOUT]: ezpz!!
[10:12:13] [Render thread/INFO] (Minecraft) [STDOUT]: ezpz!!
[10:12:13] [Render thread/INFO] (Minecraft) [STDOUT]: ezpz!!
[10:12:13] [Render thread/INFO] (Minecraft) [STDOUT]: ezpz!!
[10:12:13] [Render thread/INFO] (Minecraft) [STDOUT]: ezpz!!
[10:12:13] [Render thread/INFO] (Minecraft) [STDOUT]: ezpz!!
[10:12:14] [Render thread/INFO] (Minecraft) [STDOUT]: ezpz!!
[10:12:14] [Render thread/INFO] (Minecraft) [STDOUT]: ezpz!!
[10:12:14] [Render thread/INFO] (Minecraft) [STDOUT]: ezpz!!
[10:12:14] [Render thread/INFO] (Minecraft) [STDOUT]: ezpz!!
[10:12:14] [Render thread/INFO] (Minecraft) [STDOUT]: ezpz!!
[10:12:14] [Render thread/INFO] (Minecraft) [STDOUT]: ezpz!!
[10:12:14] [Render thread/INFO] (Minecraft) [STDOUT]: ezpz!!
[10:12:14] [Render thread/INFO] (Minecraft) [STDOUT]: ezpz!!
[10:12:14] [Render thread/INFO] (Minecraft) [STDOUT]: ezpz!!
[10:12:14] [Render thread/INFO] (Minecraft) [STDOUT]: ezpz!!
[10:12:14] [Render thread/INFO] (Minecraft) [STDOUT]: ezpz!!
[10:12:14] [Render thread/INFO] (Minecraft) [STDOUT]: ezpz!!
[10:12:14] [Render thread/INFO] (Minecraft) [STDOUT]: ezpz!!
[10:12:14] [Render thread/INFO] (Minecraft) [STDOUT]: ezpz!!
[10:12:14] [Render thread/INFO] (Minecraft) [STDOUT]: ezpz!!
[10:12:14] [Render thread/INFO] (Minecraft) [STDOUT]: ezpz!!
[10:12:14] [Render thread/INFO] (Minecraft) [STDOUT]: ezpz!!
[10:12:14] [Render thread/INFO] (Minecraft) [STDOUT]: ezpz!!
[10:12:15] [Render thread/INFO] (Minecraft) [STDOUT]: ezpz!!
[10:12:15] [Render thread/INFO] (Minecraft) [STDOUT]: ezpz!!
[10:12:15] [Render thread/INFO] (Minecraft) [STDOUT]: ezpz!!
[10:12:15] [Render thread/INFO] (Minecraft) [STDOUT]: ezpz!!
[10:12:15] [Render thread/INFO] (Minecraft) [STDOUT]: ezpz!!
[10:12:15] [Render thread/INFO] (Minecraft) [STDOUT]: ezpz!!
[10:12:15] [Render thread/INFO] (Minecraft) [STDOUT]: ezpz!!
[10:12:15] [Render thread/INFO] (Minecraft) [STDOUT]: ezpz!!
[10:12:15] [Render thread/INFO] (Minecraft) [STDOUT]: ezpz!!
[10:12:15] [Render thread/INFO] (Minecraft) [STDOUT]: ezpz!!
[10:12:15] [Render thread/INFO] (Minecraft) [STDOUT]: ezpz!!
[10:12:15] [Render thread/INFO] (Minecraft) [STDOUT]: ezpz!!
[10:12:15] [Render thread/INFO] (Minecraft) [STDOUT]: ezpz!!
[10:12:15] [Render thread/INFO] (Minecraft) [STDOUT]: ezpz!!
[10:12:20] [Render thread/INFO] (Minecraft) [STDOUT]: ezpz!!
[10:12:20] [Render thread/INFO] (Minecraft) [STDOUT]: ezpz!!
[10:12:20] [Render thread/INFO] (Minecraft) [STDOUT]: ezpz!!
[10:12:20] [Render thread/INFO] (Minecraft) [STDOUT]: ezpz!!
[10:12:20] [Render thread/INFO] (Minecraft) [STDOUT]: ezpz!!
[10:12:20] [Render thread/INFO] (Minecraft) [STDOUT]: ezpz!!
[10:12:20] [Render thread/INFO] (Minecraft) [STDOUT]: ezpz!!
[10:12:20] [Render thread/INFO] (Minecraft) [STDOUT]: ezpz!!
[10:12:20] [Render thread/INFO] (Minecraft) [STDOUT]: ezpz!!
[10:12:20] [Render thread/INFO] (Minecraft) [STDOUT]: ezpz!!
[10:12:20] [Render thread/INFO] (Minecraft) [STDOUT]: ezpz!!
[10:12:20] [Render thread/INFO] (Minecraft) [STDOUT]: ezpz!!
[10:12:20] [Render thread/INFO] (Minecraft) [STDOUT]: ezpz!!
[10:12:21] [Render thread/INFO] (Minecraft) [STDOUT]: ezpz!!
[10:12:21] [Render thread/INFO] (Minecraft) [STDOUT]: ezpz!!
[10:12:21] [Render thread/INFO] (Minecraft) [STDOUT]: ezpz!!
[10:12:21] [Render thread/INFO] (Minecraft) [STDOUT]: ezpz!!
[10:12:21] [Render thread/INFO] (Minecraft) [STDOUT]: ezpz!!
[10:12:21] [Render thread/INFO] (Minecraft) [STDOUT]: ezpz!!
[10:12:21] [Render thread/INFO] (Minecraft) [STDOUT]: ezpz!!
[10:12:21] [Render thread/INFO] (Minecraft) [STDOUT]: ezpz!!
[10:12:21] [Render thread/INFO] (Minecraft) [STDOUT]: ezpz!!
[10:12:21] [Render thread/INFO] (Minecraft) [STDOUT]: ezpz!!
[10:12:21] [Render thread/INFO] (Minecraft) [STDOUT]: ezpz!!
[10:12:21] [Render thread/INFO] (Minecraft) [STDOUT]: ezpz!!
[10:12:21] [Render thread/INFO] (Minecraft) [STDOUT]: ezpz!!
[10:12:21] [Render thread/INFO] (Minecraft) [STDOUT]: ezpz!!
[10:12:21] [Render thread/INFO] (Minecraft) [STDOUT]: ezpz!!
[10:12:21] [Render thread/INFO] (Minecraft) [STDOUT]: ezpz!!
[10:12:21] [Render thread/INFO] (Minecraft) [STDOUT]: ezpz!!
[10:12:21] [Render thread/INFO] (Minecraft) [STDOUT]: ezpz!!
[10:12:21] [Render thread/INFO] (Minecraft) [STDOUT]: ezpz!!
[10:12:21] [Render thread/INFO] (Minecraft) [STDOUT]: ezpz!!
[10:12:22] [Render thread/INFO] (Minecraft) [STDOUT]: ezpz!!
[10:12:22] [Render thread/INFO] (Minecraft) [STDOUT]: ezpz!!
[10:12:22] [Render thread/INFO] (Minecraft) [STDOUT]: ezpz!!
[10:12:22] [Render thread/INFO] (Minecraft) [STDOUT]: ezpz!!
[10:12:22] [Render thread/INFO] (Minecraft) [STDOUT]: ezpz!!
[10:12:22] [Render thread/INFO] (Minecraft) [STDOUT]: ezpz!!
[10:12:22] [Render thread/INFO] (Minecraft) [STDOUT]: ezpz!!
[10:12:22] [Render thread/INFO] (Minecraft) [STDOUT]: ezpz!!
[10:12:22] [Render thread/INFO] (Minecraft) [STDOUT]: ezpz!!
[10:12:22] [Render thread/INFO] (Minecraft) [STDOUT]: ezpz!!
[10:12:22] [Render thread/INFO] (Minecraft) [STDOUT]: ezpz!!
[10:12:22] [Render thread/INFO] (Minecraft) [STDOUT]: ezpz!!
[10:12:22] [Render thread/INFO] (Minecraft) [STDOUT]: ezpz!!
[10:12:22] [Render thread/INFO] (Minecraft) [STDOUT]: ezpz!!
[10:12:22] [Render thread/INFO] (Minecraft) [STDOUT]: ezpz!!
[10:12:22] [Render thread/INFO] (Minecraft) [STDOUT]: ezpz!!
[10:12:22] [Render thread/INFO] (Minecraft) [STDOUT]: ezpz!!
[10:12:22] [Render thread/INFO] (Minecraft) [STDOUT]: ezpz!!
[10:12:22] [Render thread/INFO] (Minecraft) [STDOUT]: ezpz!!
[10:12:22] [Render thread/INFO] (Minecraft) [STDOUT]: ezpz!!
[10:12:23] [Render thread/INFO] (Minecraft) [STDOUT]: ezpz!!
[10:12:23] [Render thread/INFO] (Minecraft) [STDOUT]: ezpz!!
[10:12:23] [Render thread/INFO] (Minecraft) [STDOUT]: ezpz!!
[10:12:23] [Render thread/INFO] (Minecraft) [STDOUT]: ezpz!!
[10:12:23] [Render thread/INFO] (Minecraft) [STDOUT]: ezpz!!
[10:12:23] [Render thread/INFO] (Minecraft) [STDOUT]: ezpz!!
[10:12:23] [Render thread/INFO] (Minecraft) [STDOUT]: ezpz!!
[10:12:25] [Render thread/INFO] (Minecraft) [STDOUT]: ezpz!!
[10:12:25] [Render thread/INFO] (Minecraft) [STDOUT]: ezpz!!
[10:12:25] [Render thread/INFO] (Minecraft) [STDOUT]: ezpz!!
[10:12:25] [Render thread/INFO] (Minecraft) [STDOUT]: ezpz!!
[10:12:25] [Render thread/INFO] (Minecraft) [STDOUT]: ezpz!!
[10:12:25] [Render thread/INFO] (Minecraft) [STDOUT]: ezpz!!
[10:12:25] [Render thread/INFO] (Minecraft) [STDOUT]: ezpz!!
[10:12:25] [Render thread/INFO] (Minecraft) [STDOUT]: ezpz!!
[10:12:25] [Render thread/INFO] (Minecraft) [STDOUT]: ezpz!!
[10:12:25] [Render thread/INFO] (Minecraft) [STDOUT]: ezpz!!
[10:12:25] [Render thread/INFO] (Minecraft) [STDOUT]: ezpz!!
[10:12:25] [Render thread/INFO] (Minecraft) [STDOUT]: ezpz!!
[10:12:25] [Render thread/INFO] (Minecraft) [STDOUT]: ezpz!!
[10:12:25] [Render thread/INFO] (Minecraft) [STDOUT]: ezpz!!
[10:12:25] [Render thread/INFO] (Minecraft) [STDOUT]: ezpz!!
[10:12:25] [Render thread/INFO] (Minecraft) [STDOUT]: ezpz!!
[10:12:25] [Render thread/INFO] (Minecraft) [STDOUT]: ezpz!!
[10:12:25] [Render thread/INFO] (Minecraft) [STDOUT]: ezpz!!
[10:12:25] [Render thread/INFO] (Minecraft) [STDOUT]: ezpz!!
[10:12:25] [Render thread/INFO] (Minecraft) [STDOUT]: ezpz!!
[10:12:25] [Render thread/INFO] (Minecraft) [STDOUT]: ezpz!!
[10:12:25] [Render thread/INFO] (Minecraft) [STDOUT]: ezpz!!
[10:12:26] [Render thread/INFO] (Minecraft) [STDOUT]: ezpz!!
[10:12:26] [Render thread/INFO] (Minecraft) [STDOUT]: ezpz!!
[10:12:26] [Render thread/INFO] (Minecraft) [STDOUT]: ezpz!!
[10:12:26] [Render thread/INFO] (Minecraft) [STDOUT]: ezpz!!
[10:12:26] [Render thread/INFO] (Minecraft) [STDOUT]: ezpz!!
[10:12:26] [Render thread/INFO] (Minecraft) [STDOUT]: ezpz!!
[10:12:26] [Render thread/INFO] (Minecraft) [STDOUT]: ezpz!!
[10:12:26] [Render thread/INFO] (Minecraft) [STDOUT]: ezpz!!
[10:12:26] [Render thread/INFO] (Minecraft) [STDOUT]: ezpz!!
[10:12:26] [Render thread/INFO] (Minecraft) [STDOUT]: ezpz!!
[10:12:26] [Render thread/INFO] (Minecraft) [STDOUT]: ezpz!!
[10:12:26] [Render thread/INFO] (Minecraft) [STDOUT]: key 69 was pressed
[10:12:26] [Render thread/INFO] (Minecraft) [STDOUT]: ezpz!!
[10:12:26] [Render thread/INFO] (Minecraft) [STDOUT]: ezpz!!
[10:12:26] [Render thread/INFO] (Minecraft) [STDOUT]: ezpz!!
[10:12:26] [Render thread/INFO] (Minecraft) [STDOUT]: ezpz!!
[10:12:26] [Render thread/INFO] (Minecraft) [STDOUT]: ezpz!!
[10:12:26] [Render thread/INFO] (Minecraft) [STDOUT]: key 90 was pressed
[10:12:26] [Render thread/INFO] (Minecraft) [STDOUT]: ezpz!!
[10:12:26] [Render thread/INFO] (Minecraft) [STDOUT]: ezpz!!
[10:12:26] [Render thread/INFO] (Minecraft) [STDOUT]: ezpz!!
[10:12:26] [Render thread/INFO] (Minecraft) [STDOUT]: key 80 was pressed
[10:12:26] [Render thread/INFO] (Minecraft) [STDOUT]: ezpz!!
[10:12:27] [Render thread/INFO] (Minecraft) [STDOUT]: key 90 was pressed
[10:12:27] [Render thread/INFO] (Minecraft) [STDOUT]: ezpz!!
[10:12:27] [Render thread/INFO] (Minecraft) [STDOUT]: ezpz!!
[10:12:27] [Render thread/INFO] (Minecraft) [STDOUT]: ezpz!!
[10:12:27] [Render thread/INFO] (Minecraft) [STDOUT]: ezpz!!
[10:12:27] [Render thread/INFO] (Minecraft) [STDOUT]: ezpz!!
[10:12:27] [Render thread/INFO] (Minecraft) [STDOUT]: ezpz!!
[10:12:27] [Render thread/INFO] (Minecraft) [STDOUT]: ezpz!!
[10:12:27] [Render thread/INFO] (Minecraft) [STDOUT]: ezpz!!
[10:12:27] [Render thread/INFO] (Minecraft) [STDOUT]: ezpz!!
[10:12:27] [Render thread/INFO] (Minecraft) [STDOUT]: ezpz!!
[10:12:27] [Render thread/INFO] (Minecraft) [STDOUT]: ezpz!!
[10:12:27] [Render thread/INFO] (Minecraft) [STDOUT]: ezpz!!
[10:12:27] [Render thread/INFO] (Minecraft) [STDOUT]: ezpz!!
[10:12:27] [Render thread/INFO] (Minecraft) [STDOUT]: ezpz!!
[10:12:27] [Render thread/INFO] (Minecraft) [STDOUT]: ezpz!!
[10:12:27] [Render thread/INFO] (Minecraft) [STDOUT]: ezpz!!
[10:12:27] [Render thread/INFO] (Minecraft) [STDOUT]: ezpz!!
[10:12:27] [Render thread/INFO] (Minecraft) [STDOUT]: ezpz!!
[10:12:27] [Render thread/INFO] (Minecraft) [STDOUT]: ezpz!!
[10:12:27] [Render thread/INFO] (Minecraft) [STDOUT]: ezpz!!
[10:12:28] [Render thread/INFO] (Minecraft) [STDOUT]: ezpz!!
[10:12:28] [Render thread/INFO] (Minecraft) [STDOUT]: ezpz!!
[10:12:28] [Render thread/INFO] (Minecraft) [STDOUT]: ezpz!!
[10:12:28] [Render thread/INFO] (Minecraft) [STDOUT]: ezpz!!
[10:12:28] [Render thread/INFO] (Minecraft) [STDOUT]: ezpz!!
[10:12:28] [Render thread/INFO] (Minecraft) [STDOUT]: ezpz!!
[10:12:28] [Render thread/INFO] (Minecraft) [STDOUT]: ezpz!!
[10:12:28] [Render thread/INFO] (Minecraft) [STDOUT]: ezpz!!
[10:12:28] [Render thread/INFO] (Minecraft) [STDOUT]: ezpz!!
[10:12:28] [Render thread/INFO] (Minecraft) [STDOUT]: ezpz!!
[10:12:28] [Render thread/INFO] (Minecraft) [STDOUT]: ezpz!!
[10:12:28] [Render thread/INFO] (Minecraft) [STDOUT]: ezpz!!
[10:12:28] [Render thread/INFO] (Minecraft) [STDOUT]: ezpz!!
[10:12:28] [Render thread/INFO] (Minecraft) [STDOUT]: ezpz!!
[10:12:28] [Render thread/INFO] (Minecraft) [STDOUT]: ezpz!!
[10:12:28] [Render thread/INFO] (Minecraft) [STDOUT]: ezpz!!
[10:12:28] [Render thread/INFO] (Minecraft) [STDOUT]: ezpz!!
[10:12:28] [Render thread/INFO] (Minecraft) Stopping!
